{"name": "test01_add_member[没有电话，断言失败]", "status": "failed", "statusDetails": {"message": "AssertionError: assert 60129 == 0", "trace": "self = <test_case.member.test_member.TestMember object at 0x00000157FCBB69A0>, userid = 'tong3', name = 'tong3'\nmobile = '', errcode = 0, errmsg = 'aaaa'\n\n    @pytest.mark.parametrize((\"userid,name,mobile,errcode,errmsg\"),add_data,ids=add_ids)\n    def test01_add_member(self,userid,name,mobile,errcode,errmsg):\n        log.info(\"-------开始测试增加成员-------\")\n    \n        res=self.member.add_member(self.token,userid,name,mobile)\n        log.info(f\"打印响应结果:{res}\" )\n        log.info(\"-------测试结束-------\")\n>       assert res[\"errcode\"] == errcode\nE       assert 60129 == 0\n\ntest_member.py:30: AssertionError"}, "attachments": [{"name": "log", "source": "5c8795a4-e558-40a6-be2c-d170fb7df1ba-attachment.txt", "type": "text/plain"}, {"name": "stderr", "source": "1debd053-4d94-4a2b-80d8-a8ce6de6dcd6-attachment.txt", "type": "text/plain"}], "parameters": [{"name": "userid", "value": "'tong3'"}, {"name": "name", "value": "'tong3'"}, {"name": "mobile", "value": "''"}, {"name": "errcode", "value": "0"}, {"name": "errmsg", "value": "'aaaa'"}], "start": 1603977983023, "stop": 1603977983481, "uuid": "8f36261d-66dc-439c-998a-94ded67b4684", "historyId": "79e51a21752e5822f4c52701c0029b33", "testCaseId": "a244cf98b03e2f32dd1c74ce8e22d393", "fullName": "test_case.member.test_member.TestMember#test01_add_member", "labels": [{"name": "parentSuite", "value": "test_case.member"}, {"name": "suite", "value": "test_member"}, {"name": "subSuite", "value": "TestMember"}, {"name": "host", "value": "LAPTOP-4F3KR3S3"}, {"name": "thread", "value": "3600-MainThread"}, {"name": "framework", "value": "pytest"}, {"name": "language", "value": "cpython3"}, {"name": "package", "value": "test_case.member.test_member"}]}