{"name": "test01_add_member[name重复，断言成功]", "status": "failed", "statusDetails": {"message": "AssertionError: assert 60104 == 0", "trace": "self = <test_case.member.test_member.TestMember object at 0x00000157FCBF8E50>, userid = 'tong5', name = 'tong'\nmobile = '13222661161', errcode = 0, errmsg = 'created'\n\n    @pytest.mark.parametrize((\"userid,name,mobile,errcode,errmsg\"),add_data,ids=add_ids)\n    def test01_add_member(self,userid,name,mobile,errcode,errmsg):\n        log.info(\"-------开始测试增加成员-------\")\n    \n        res=self.member.add_member(self.token,userid,name,mobile)\n        log.info(f\"打印响应结果:{res}\" )\n        log.info(\"-------测试结束-------\")\n>       assert res[\"errcode\"] == errcode\nE       assert 60104 == 0\n\ntest_member.py:30: AssertionError"}, "attachments": [{"name": "log", "source": "e10d3690-6258-40f0-8dc9-3509b8deedce-attachment.txt", "type": "text/plain"}, {"name": "stderr", "source": "7d28338c-806d-45e2-8aa0-9b798d6c2c0c-attachment.txt", "type": "text/plain"}], "parameters": [{"name": "userid", "value": "'tong5'"}, {"name": "name", "value": "'tong'"}, {"name": "mobile", "value": "'13222661161'"}, {"name": "errcode", "value": "0"}, {"name": "errmsg", "value": "'created'"}], "start": 1603977984046, "stop": 1603977984540, "uuid": "87ab7d94-c793-4bc3-a531-1fdd50175ea9", "historyId": "7995c048e7418cff36011688e13e621a", "testCaseId": "a244cf98b03e2f32dd1c74ce8e22d393", "fullName": "test_case.member.test_member.TestMember#test01_add_member", "labels": [{"name": "parentSuite", "value": "test_case.member"}, {"name": "suite", "value": "test_member"}, {"name": "subSuite", "value": "TestMember"}, {"name": "host", "value": "LAPTOP-4F3KR3S3"}, {"name": "thread", "value": "3600-MainThread"}, {"name": "framework", "value": "pytest"}, {"name": "language", "value": "cpython3"}, {"name": "package", "value": "test_case.member.test_member"}]}