{"name": "test04_delete_member", "status": "failed", "statusDetails": {"message": "AssertionError: assert 60111 == 0", "trace": "self = <test_case.member.test_member.TestMember object at 0x000001AD15E8FF70>\n\n    def test04_delete_member(self):\n        log.info(\"-------开始测试获取成员-------\")\n        userid=\"tong12345\"\n        res=self.member.delete_member(self.token,userid)\n        log.info(f\"打印响应结果:{res}\")\n        log.info(\"-------测试结束-------\")\n>       assert res[\"errcode\"] == 0\nE       assert 60111 == 0\n\ntest_member.py:51: AssertionError"}, "attachments": [{"name": "log", "source": "25701c31-77b9-447b-96b0-9c6c37b70c89-attachment.txt", "type": "text/plain"}, {"name": "stderr", "source": "fa85ba14-9f4f-4e36-b26a-43d5b5101126-attachment.txt", "type": "text/plain"}], "start": 1603879132714, "stop": 1603879132888, "uuid": "cefebd5f-4f0b-480e-8602-c0fddbf745e4", "historyId": "f365fadf164ae036873ab9cb1af9e627", "testCaseId": "a82eca2ede94de7d7221b655371e4a77", "fullName": "test_case.member.test_member.TestMember#test04_delete_member", "labels": [{"name": "parentSuite", "value": "test_case.member"}, {"name": "suite", "value": "test_member"}, {"name": "subSuite", "value": "TestMember"}, {"name": "host", "value": "LAPTOP-4F3KR3S3"}, {"name": "thread", "value": "22840-MainThread"}, {"name": "framework", "value": "pytest"}, {"name": "language", "value": "cpython3"}, {"name": "package", "value": "test_case.member.test_member"}]}