{"name": "test01_add_member", "status": "failed", "statusDetails": {"message": "AssertionError: assert 60104 == 0", "trace": "self = <test_case.member.test_member.TestMember object at 0x0000021505FBE580>\n\n    def test01_add_member(self):\n        log.info(\"-------开始测试增加成员-------\")\n        userid=\"tong1234\"\n        name=\"tong1234\"\n        mobile=\"13172771165\"\n        res=self.member.add_member(self.token,userid,name,mobile)\n        log.info(\"打印响应结果\",res)\n        log.info(\"-------测试结束-------\")\n>       assert res[\"errcode\"] == 0\nE       assert 60104 == 0\n\ntest_member.py:35: AssertionError"}, "attachments": [{"name": "log", "source": "1750cfa6-2e67-48d0-982e-f73bdca75bbf-attachment.txt", "type": "text/plain"}, {"name": "stderr", "source": "12191814-df20-40b3-a980-97bb4713baf6-attachment.txt", "type": "text/plain"}], "start": 1603879273580, "stop": 1603879273770, "uuid": "2cfb1c1f-6491-4a4a-9b86-e139abbb2bcd", "historyId": "0f286d378775e72334c44042a834d8aa", "testCaseId": "a244cf98b03e2f32dd1c74ce8e22d393", "fullName": "test_case.member.test_member.TestMember#test01_add_member", "labels": [{"name": "parentSuite", "value": "test_case.member"}, {"name": "suite", "value": "test_member"}, {"name": "subSuite", "value": "TestMember"}, {"name": "host", "value": "LAPTOP-4F3KR3S3"}, {"name": "thread", "value": "17944-MainThread"}, {"name": "framework", "value": "pytest"}, {"name": "language", "value": "cpython3"}, {"name": "package", "value": "test_case.member.test_member"}]}