{"name": "test01_add_member[没有userid,创建失败]", "status": "failed", "statusDetails": {"message": "AssertionError: assert 40058 == 0", "trace": "self = <test_case.member.test_member.TestMember object at 0x00000157FCB8AEB0>, userid = '', name = 'tong1'\nmobile = '13221661164', errcode = 0, errmsg = 'aaaa'\n\n    @pytest.mark.parametrize((\"userid,name,mobile,errcode,errmsg\"),add_data,ids=add_ids)\n    def test01_add_member(self,userid,name,mobile,errcode,errmsg):\n        log.info(\"-------开始测试增加成员-------\")\n    \n        res=self.member.add_member(self.token,userid,name,mobile)\n        log.info(f\"打印响应结果:{res}\" )\n        log.info(\"-------测试结束-------\")\n>       assert res[\"errcode\"] == errcode\nE       assert 40058 == 0\n\ntest_member.py:30: AssertionError"}, "attachments": [{"name": "log", "source": "ef796b6c-e518-446c-b49b-4c4f39906f3e-attachment.txt", "type": "text/plain"}, {"name": "stderr", "source": "832dfa78-a123-48cf-8cff-0fb1dadea9bd-attachment.txt", "type": "text/plain"}], "parameters": [{"name": "userid", "value": "''"}, {"name": "name", "value": "'tong1'"}, {"name": "mobile", "value": "'13221661164'"}, {"name": "errcode", "value": "0"}, {"name": "errmsg", "value": "'aaaa'"}], "start": 1603977980667, "stop": 1603977981755, "uuid": "f391364c-2094-47d2-9532-4a4d6334d747", "historyId": "6618c9d70b31d1e9033486264900eeba", "testCaseId": "a244cf98b03e2f32dd1c74ce8e22d393", "fullName": "test_case.member.test_member.TestMember#test01_add_member", "labels": [{"name": "parentSuite", "value": "test_case.member"}, {"name": "suite", "value": "test_member"}, {"name": "subSuite", "value": "TestMember"}, {"name": "host", "value": "LAPTOP-4F3KR3S3"}, {"name": "thread", "value": "3600-MainThread"}, {"name": "framework", "value": "pytest"}, {"name": "language", "value": "cpython3"}, {"name": "package", "value": "test_case.member.test_member"}]}