{"name": "test04_delete_member", "status": "failed", "statusDetails": {"message": "AssertionError: assert 60111 == 0", "trace": "self = <test_case.member.test_member.TestMember object at 0x0000021505FD7A30>\n\n    def test04_delete_member(self):\n        log.info(\"-------开始测试获取成员-------\")\n        userid=\"tong12345\"\n        res=self.member.delete_member(self.token,userid)\n        log.info(f\"打印响应结果:{res}\")\n        log.info(\"-------测试结束-------\")\n>       assert res[\"errcode\"] == 0\nE       assert 60111 == 0\n\ntest_member.py:51: AssertionError"}, "attachments": [{"name": "log", "source": "a2f4db61-3cc4-4633-aad9-04a2312bc7fa-attachment.txt", "type": "text/plain"}, {"name": "stderr", "source": "b0fa1ea1-fc53-4181-9a1a-44d4cd0ec7bc-attachment.txt", "type": "text/plain"}], "start": 1603879274107, "stop": 1603879274242, "uuid": "64a455f3-b1d2-462b-9e9f-26e734985f64", "historyId": "f365fadf164ae036873ab9cb1af9e627", "testCaseId": "a82eca2ede94de7d7221b655371e4a77", "fullName": "test_case.member.test_member.TestMember#test04_delete_member", "labels": [{"name": "parentSuite", "value": "test_case.member"}, {"name": "suite", "value": "test_member"}, {"name": "subSuite", "value": "TestMember"}, {"name": "host", "value": "LAPTOP-4F3KR3S3"}, {"name": "thread", "value": "17944-MainThread"}, {"name": "framework", "value": "pytest"}, {"name": "language", "value": "cpython3"}, {"name": "package", "value": "test_case.member.test_member"}]}